<?xml version="1.0" encoding="UTF-8"?>
<!-- Generated by org.testng.reporters.JUnitXMLReporter -->
<testsuite ignored="0" hostname="Tema" failures="0" tests="9" name="Surefire test" time="0.036" errors="0" timestamp="2026-03-07T20:30:56 MSK">
  <testcase classname="MainTest" name="testCalculator" time="0.005"/>
  <testcase classname="MainTest" name="testCalculatorDivisionByZero" time="0.001"/>
  <testcase classname="MainTest" name="testCalculatorUnknownOperator" time="0.0"/>
  <testcase classname="MainTest" name="testFactorial" time="0.0"/>
  <testcase classname="MainTest" name="testFactorialNegative" time="0.0"/>
  <testcase classname="MainTest" name="testIsNumbersEqual" time="0.0"/>
  <testcase classname="MainTest" name="testTriangleArea" time="0.0"/>
  <testcase classname="MainTest" name="testTriangleAreaNegativeBase" time="0.0"/>
  <testcase classname="MainTest" name="testTriangleAreaNegativeHeight" time="0.001"/>
</testsuite> <!-- Surefire test -->
